#
# A fatal error has been detected by the Java Runtime Environment:
#
#  EXCEPTION_ACCESS_VIOLATION (0xc0000005) at pc=0x00000000621d4f8d, pid=9124, tid=0x00000000000021e4
#
# JRE version: Java(TM) SE Runtime Environment (8.0_101-b13) (build 1.8.0_101-b13)
# Java VM: Java HotSpot(TM) 64-Bit Server VM (25.101-b13 mixed mode windows-amd64 compressed oops)
# Problematic frame:
# C  [QtGui4.dll+0x64f8d]
#
# Failed to write core dump. Minidumps are not enabled by default on client versions of Windows
#
# If you would like to submit a bug report, please visit:
#   http://bugreport.java.com/bugreport/crash.jsp
# The crash happened outside the Java Virtual Machine in native code.
# See problematic frame for where to report the bug.
#

---------------  T H R E A D  ---------------

Current thread (0x00000000029ad800):  JavaThread "Finalizer" daemon [_thread_in_native, id=8676, stack(0x0000000018990000,0x0000000018a90000)]

siginfo: ExceptionCode=0xc0000005, reading address 0x0000000000000008

Registers:
RAX=0x0000000000000000, RBX=0x00000000fffffffd, RCX=0x000000001b6afdb0, RDX=0x0000000000000001
RSP=0x0000000018a8edc0, RBP=0x0000000000000001, RSI=0x000000001a239aa0, RDI=0x000000001a239aa0
R8 =0xfc147d3ffff9dfff, R9 =0x000000000000002e, R10=0x000000001b6ac720, R11=0x0000000000000000
R12=0x000000001a237b10, R13=0x000000001b4efba0, R14=0x00000000000da000, R15=0x0000000000000000
RIP=0x00000000621d4f8d, EFLAGS=0x0000000000010206

Top of Stack: (sp=0x0000000018a8edc0)
0x0000000018a8edc0:   000000001b6afdb0 00000000fffffffd
0x0000000018a8edd0:   0000000000000001 00007ff848bf6338
0x0000000018a8ede0:   0000000000000000 0000000062dafa10
0x0000000018a8edf0:   fffffffffffffffe 0000000000000001
0x0000000018a8ee00:   0000000000000000 00000000624efffe
0x0000000018a8ee10:   000000001b4f4330 00000000627c5fb0
0x0000000018a8ee20:   000000001b6afdb0 0000000000000000
0x0000000018a8ee30:   0000000000000001 00000000624ef864
0x0000000018a8ee40:   000000001a239aa0 0000000000000001
0x0000000018a8ee50:   000000001a237ca0 000000001a237b10
0x0000000018a8ee60:   fffffffffffffffe 0000000000000000
0x0000000018a8ee70:   000000001a239aa0 00007ff83bfa1885
0x0000000018a8ee80:   000000001a239aa0 0000000000000000
0x0000000018a8ee90:   000000001b4efdd0 0000000062daf9f8
0x0000000018a8eea0:   fffffffffffffffe 0000000000000000
0x0000000018a8eeb0:   000000001b4efba0 0000000062c0b3e3 

Instructions: (pc=0x00000000621d4f8d)
0x00000000621d4f6d:   44 24 20 00 00 00 00 45 33 c9 45 33 c0 33 d2 48
0x00000000621d4f7d:   8d 4c 24 60 e8 7a 9d fd ff 90 ff 15 4b 79 58 00
0x00000000621d4f8d:   48 8b 48 08 48 81 c1 28 01 00 00 4c 8d 4c 24 60
0x00000000621d4f9d:   4c 8b c7 8b d3 e8 29 7f fe ff 90 48 8d 4c 24 60 


Register to memory mapping:

RAX=0x0000000000000000 is an unknown value
RBX=0x00000000fffffffd is an unallocated location in the heap
RCX=0x000000001b6afdb0 is an unknown value
RDX=0x0000000000000001 is an unknown value
RSP=0x0000000018a8edc0 is pointing into the stack for thread: 0x00000000029ad800
RBP=0x0000000000000001 is an unknown value
RSI=0x000000001a239aa0 is an unknown value
RDI=0x000000001a239aa0 is an unknown value
R8 =0xfc147d3ffff9dfff is an unknown value
R9 =0x000000000000002e is an unknown value
R10=0x000000001b6ac720 is an unknown value
R11=0x0000000000000000 is an unknown value
R12=0x000000001a237b10 is an unknown value
R13=0x000000001b4efba0 is an unknown value
R14=0x00000000000da000 is an unknown value
R15=0x0000000000000000 is an unknown value


Stack: [0x0000000018990000,0x0000000018a90000],  sp=0x0000000018a8edc0,  free space=1019k
Native frames: (J=compiled Java code, j=interpreted, Vv=VM code, C=native code)
C  [QtGui4.dll+0x64f8d]
C  [QtGui4.dll+0x37fffe]
C  [QtGui4.dll+0x37f864]
C  [com_trolltech_qt_gui.dll+0x1b1885]
C  [QtCore4.dll+0x11b3e3]
C  [QtGui4.dll+0x59d98]
C  [com_trolltech_qt_gui.dll+0x34ac84]
C  [QtCore4.dll+0x11b3e3]
C  [QtGui4.dll+0x59d98]
C  [com_trolltech_qt_gui.dll+0xc2f14]
C  [qtjambi.dll+0x15f5a]
C  [qtjambi.dll+0x1581e]
C  [qtjambi.dll+0x16b21]
C  0x00000000029c7f54

Java frames: (J=compiled Java code, j=interpreted, Vv=VM code)
j  com.trolltech.qt.internal.QtJambiObject.finalize()V+0
J 527 C1 java.lang.ref.Finalizer.runFinalizer(Lsun/misc/JavaLangAccess;)V (62 bytes) @ 0x0000000002be9acc [0x0000000002be9540+0x58c]
J 526 C1 java.lang.ref.Finalizer.access$100(Ljava/lang/ref/Finalizer;Lsun/misc/JavaLangAccess;)V (6 bytes) @ 0x0000000002be91dc [0x0000000002be9180+0x5c]
j  java.lang.ref.Finalizer$FinalizerThread.run()V+45
v  ~StubRoutines::call_stub

---------------  P R O C E S S  ---------------

Java Threads: ( => current thread )
  0x00000000185cc000 JavaThread "" [_thread_in_native, id=10188, stack(0x000000001bf90000,0x000000001c090000)]
  0x0000000018706800 
[error occurred during error reporting (printing all threads), id 0xc0000005]

VM state:not at safepoint (normal execution)

VM Mutex/Monitor currently owned by a thread: None

Heap:
 PSYoungGen      total 28672K, used 164K [0x00000000e0700000, 0x00000000e2700000, 0x0000000100000000)
  eden space 24576K, 0% used [0x00000000e0700000,0x00000000e07290f8,0x00000000e1f00000)
  from space 4096K, 0% used [0x00000000e2300000,0x00000000e2300000,0x00000000e2700000)
  to   space 4096K, 0% used [0x00000000e1f00000,0x00000000e1f00000,0x00000000e2300000)
 ParOldGen       total 65536K, used 1767K [0x00000000a1400000, 0x00000000a5400000, 0x00000000e0700000)
  object space 65536K, 2% used [0x00000000a1400000,0x00000000a15b9e10,0x00000000a5400000)
 Metaspace       used 9030K, capacity 9130K, committed 9216K, reserved 1056768K
  class space    used 951K, capacity 977K, committed 1024K, reserved 1048576K

Card table byte_map: [0x0000000011d70000,0x0000000012070000] byte_map_base: 0x0000000011866000

Marking Bits: (ParMarkBitMap*) 0x000000006457a6d0
 Begin Bits: [0x0000000012a70000, 0x0000000014220000)
 End Bits:   [0x0000000014220000, 0x00000000159d0000)

Polling page: 0x0000000002680000

CodeCache: size=245760Kb used=2536Kb max_used=2539Kb free=243223Kb
 bounds [0x00000000029b0000, 0x0000000002c40000, 0x00000000119b0000]
 total_blobs=904 nmethods=577 adapters=240
 compilation: enabled

Compilation events (10 events):
Event: 21.040 Thread 0x00000000185c3000  572       3       java.lang.Integer::<init> (10 bytes)
Event: 21.041 Thread 0x00000000185c3000 nmethod 572 0x0000000002c1d2d0 code [0x0000000002c1d440, 0x0000000002c1d650]
Event: 21.122 Thread 0x00000000185bb800 nmethod 567% 0x0000000002c2bbd0 code [0x0000000002c2bf80, 0x0000000002c2ee90]
Event: 21.303 Thread 0x00000000185c3000  573       3       com.trolltech.qt.QtJambiGuiInternal::endPaint (57 bytes)
Event: 21.303 Thread 0x00000000185c3000 nmethod 573 0x0000000002c1c590 code [0x0000000002c1c780, 0x0000000002c1d0c8]
Event: 37.489 Thread 0x00000000185c3000  575   !   3       java.util.zip.Inflater::setInput (74 bytes)
Event: 37.490 Thread 0x00000000185c3000 nmethod 575 0x0000000002c13510 code [0x0000000002c136a0, 0x0000000002c13c18]
Event: 40.095 Thread 0x00000000185c3000  576       3       com.trolltech.qt.internal.QSignalEmitterInternal$AbstractSignalInternal$Connection::resolveReceiver (20 bytes)
Event: 40.096 Thread 0x00000000185c3000 nmethod 576 0x0000000002c13090 code [0x0000000002c13200, 0x0000000002c13450]
Event: 41.398 Thread 0x00000000185c3000  577   !   3       java.lang.ClassLoader::findNative (86 bytes)

GC Heap History (10 events):
Event: 20.972 GC heap before
{Heap before GC invocations=1 (full 0):
 PSYoungGen      total 28672K, used 24576K [0x00000000e0700000, 0x00000000e2700000, 0x0000000100000000)
  eden space 24576K, 100% used [0x00000000e0700000,0x00000000e1f00000,0x00000000e1f00000)
  from space 4096K, 0% used [0x00000000e2300000,0x00000000e2300000,0x00000000e2700000)
  to   space 4096K, 0% used [0x00000000e1f00000,0x00000000e1f00000,0x00000000e2300000)
 ParOldGen       total 65536K, used 0K [0x00000000a1400000, 0x00000000a5400000, 0x00000000e0700000)
  object space 65536K, 0% used [0x00000000a1400000,0x00000000a1400000,0x00000000a5400000)
 Metaspace       used 8696K, capacity 8810K, committed 8960K, reserved 1056768K
  class space    used 928K, capacity 977K, committed 1024K, reserved 1048576K
Event: 20.976 GC heap after
Heap after GC invocations=1 (full 0):
 PSYoungGen      total 28672K, used 4092K [0x00000000e0700000, 0x00000000e2700000, 0x0000000100000000)
  eden space 24576K, 0% used [0x00000000e0700000,0x00000000e0700000,0x00000000e1f00000)
  from space 4096K, 99% used [0x00000000e1f00000,0x00000000e22ff038,0x00000000e2300000)
  to   space 4096K, 0% used [0x00000000e2300000,0x00000000e2300000,0x00000000e2700000)
 ParOldGen       total 65536K, used 110K [0x00000000a1400000, 0x00000000a5400000, 0x00000000e0700000)
  object space 65536K, 0% used [0x00000000a1400000,0x00000000a141ba98,0x00000000a5400000)
 Metaspace       used 8696K, capacity 8810K, committed 8960K, reserved 1056768K
  class space    used 928K, capacity 977K, committed 1024K, reserved 1048576K
}
Event: 41.358 GC heap before
{Heap before GC invocations=2 (full 0):
 PSYoungGen      total 28672K, used 13881K [0x00000000e0700000, 0x00000000e2700000, 0x0000000100000000)
  eden space 24576K, 39% used [0x00000000e0700000,0x00000000e108f4f0,0x00000000e1f00000)
  from space 4096K, 99% used [0x00000000e1f00000,0x00000000e22ff038,0x00000000e2300000)
  to   space 4096K, 0% used [0x00000000e2300000,0x00000000e2300000,0x00000000e2700000)
 ParOldGen       total 65536K, used 110K [0x00000000a1400000, 0x00000000a5400000, 0x00000000e0700000)
  object space 65536K, 0% used [0x00000000a1400000,0x00000000a141ba98,0x00000000a5400000)
 Metaspace       used 8889K, capacity 9002K, committed 9216K, reserved 1056768K
  class space    used 941K, capacity 977K, committed 1024K, reserved 1048576K
Event: 41.361 GC heap after
Heap after GC invocations=2 (full 0):
 PSYoungGen      total 28672K, used 1941K [0x00000000e0700000, 0x00000000e2700000, 0x0000000100000000)
  eden space 24576K, 0% used [0x00000000e0700000,0x00000000e0700000,0x00000000e1f00000)
  from space 4096K, 47% used [0x00000000e2300000,0x00000000e24e56e0,0x00000000e2700000)
  to   space 4096K, 0% used [0x00000000e1f00000,0x00000000e1f00000,0x00000000e2300000)
 ParOldGen       total 65536K, used 118K [0x00000000a1400000, 0x00000000a5400000, 0x00000000e0700000)
  object space 65536K, 0% used [0x00000000a1400000,0x00000000a141da98,0x00000000a5400000)
 Metaspace       used 8889K, capacity 9002K, committed 9216K, reserved 1056768K
  class space    used 941K, capacity 977K, committed 1024K, reserved 1048576K
}
Event: 41.361 GC heap before
{Heap before GC invocations=3 (full 1):
 PSYoungGen      total 28672K, used 1941K [0x00000000e0700000, 0x00000000e2700000, 0x0000000100000000)
  eden space 24576K, 0% used [0x00000000e0700000,0x00000000e0700000,0x00000000e1f00000)
  from space 4096K, 47% used [0x00000000e2300000,0x00000000e24e56e0,0x00000000e2700000)
  to   space 4096K, 0% used [0x00000000e1f00000,0x00000000e1f00000,0x00000000e2300000)
 ParOldGen       total 65536K, used 118K [0x00000000a1400000, 0x00000000a5400000, 0x00000000e0700000)
  object space 65536K, 0% used [0x00000000a1400000,0x00000000a141da98,0x00000000a5400000)
 Metaspace       used 8889K, capacity 9002K, committed 9216K, reserved 1056768K
  class space    used 941K, capacity 977K, committed 1024K, reserved 1048576K
Event: 41.378 GC heap after
Heap after GC invocations=3 (full 1):
 PSYoungGen      total 28672K, used 0K [0x00000000e0700000, 0x00000000e2700000, 0x0000000100000000)
  eden space 24576K, 0% used [0x00000000e0700000,0x00000000e0700000,0x00000000e1f00000)
  from space 4096K, 0% used [0x00000000e2300000,0x00000000e2300000,0x00000000e2700000)
  to   space 4096K, 0% used [0x00000000e1f00000,0x00000000e1f00000,0x00000000e2300000)
 ParOldGen       total 65536K, used 1885K [0x00000000a1400000, 0x00000000a5400000, 0x00000000e0700000)
  object space 65536K, 2% used [0x00000000a1400000,0x00000000a15d74b0,0x00000000a5400000)
 Metaspace       used 8889K, capacity 9002K, committed 9216K, reserved 1056768K
  class space    used 941K, capacity 977K, committed 1024K, reserved 1048576K
}
Event: 41.398 GC heap before
{Heap before GC invocations=4 (full 1):
 PSYoungGen      total 28672K, used 1312K [0x00000000e0700000, 0x00000000e2700000, 0x0000000100000000)
  eden space 24576K, 5% used [0x00000000e0700000,0x00000000e0848260,0x00000000e1f00000)
  from space 4096K, 0% used [0x00000000e2300000,0x00000000e2300000,0x00000000e2700000)
  to   space 4096K, 0% used [0x00000000e1f00000,0x00000000e1f00000,0x00000000e2300000)
 ParOldGen       total 65536K, used 1885K [0x00000000a1400000, 0x00000000a5400000, 0x00000000e0700000)
  object space 65536K, 2% used [0x00000000a1400000,0x00000000a15d74b0,0x00000000a5400000)
 Metaspace       used 9029K, capacity 9130K, committed 9216K, reserved 1056768K
  class space    used 951K, capacity 977K, committed 1024K, reserved 1048576K
Event: 41.399 GC heap after
Heap after GC invocations=4 (full 1):
 PSYoungGen      total 28672K, used 278K [0x00000000e0700000, 0x00000000e2700000, 0x0000000100000000)
  eden space 24576K, 0% used [0x00000000e0700000,0x00000000e0700000,0x00000000e1f00000)
  from space 4096K, 6% used [0x00000000e1f00000,0x00000000e1f45810,0x00000000e2300000)
  to   space 4096K, 0% used [0x00000000e2300000,0x00000000e2300000,0x00000000e2700000)
 ParOldGen       total 65536K, used 1885K [0x00000000a1400000, 0x00000000a5400000, 0x00000000e0700000)
  object space 65536K, 2% used [0x00000000a1400000,0x00000000a15d74b0,0x00000000a5400000)
 Metaspace       used 9029K, capacity 9130K, committed 9216K, reserved 1056768K
  class space    used 951K, capacity 977K, committed 1024K, reserved 1048576K
}
Event: 41.399 GC heap before
{Heap before GC invocations=5 (full 2):
 PSYoungGen      total 28672K, used 278K [0x00000000e0700000, 0x00000000e2700000, 0x0000000100000000)
  eden space 24576K, 0% used [0x00000000e0700000,0x00000000e0700000,0x00000000e1f00000)
  from space 4096K, 6% used [0x00000000e1f00000,0x00000000e1f45810,0x00000000e2300000)
  to   space 4096K, 0% used [0x00000000e2300000,0x00000000e2300000,0x00000000e2700000)
 ParOldGen       total 65536K, used 1885K [0x00000000a1400000, 0x00000000a5400000, 0x00000000e0700000)
  object space 65536K, 2% used [0x00000000a1400000,0x00000000a15d74b0,0x00000000a5400000)
 Metaspace       used 9029K, capacity 9130K, committed 9216K, reserved 1056768K
  class space    used 951K, capacity 977K, committed 1024K, reserved 1048576K
Event: 41.425 GC heap after
Heap after GC invocations=5 (full 2):
 PSYoungGen      total 28672K, used 0K [0x00000000e0700000, 0x00000000e2700000, 0x0000000100000000)
  eden space 24576K, 0% used [0x00000000e0700000,0x00000000e0700000,0x00000000e1f00000)
  from space 4096K, 0% used [0x00000000e1f00000,0x00000000e1f00000,0x00000000e2300000)
  to   space 4096K, 0% used [0x00000000e2300000,0x00000000e2300000,0x00000000e2700000)
 ParOldGen       total 65536K, used 1837K [0x00000000a1400000, 0x00000000a5400000, 0x00000000e0700000)
  object space 65536K, 2% used [0x00000000a1400000,0x00000000a15cb618,0x00000000a5400000)
 Metaspace       used 9029K, capacity 9130K, committed 9216K, reserved 1056768K
  class space    used 951K, capacity 977K, committed 1024K, reserved 1048576K
}

Deoptimization events (1 events):
Event: 20.888 Thread 0x00000000028b1000 Uncommon trap: reason=range_check action=make_not_entrant pc=0x0000000002b759a0 method=sun.reflect.generics.parser.SignatureParser.current()C @ 34

Internal exceptions (10 events):
Event: 21.003 Thread 0x00000000028b1000 Exception <a 'java/lang/NoSuchFieldError': columnsAboutToBeInserted> (0x00000000e0c5a218) thrown at [C:\re\workspace\8-2-build-windows-amd64-cygwin\jdk8u101\7261\hotspot\src\share\vm\prims\jni.cpp, line 2599]
Event: 21.003 Thread 0x00000000028b1000 Exception <a 'java/lang/NoSuchFieldError': columnsAboutToBeRemoved> (0x00000000e0c5a478) thrown at [C:\re\workspace\8-2-build-windows-amd64-cygwin\jdk8u101\7261\hotspot\src\share\vm\prims\jni.cpp, line 2599]
Event: 21.003 Thread 0x00000000028b1000 Exception <a 'java/lang/NoSuchFieldError': columnsInserted> (0x00000000e0c5a6c8) thrown at [C:\re\workspace\8-2-build-windows-amd64-cygwin\jdk8u101\7261\hotspot\src\share\vm\prims\jni.cpp, line 2599]
Event: 21.003 Thread 0x00000000028b1000 Exception <a 'java/lang/NoSuchFieldError': columnsRemoved> (0x00000000e0c5a918) thrown at [C:\re\workspace\8-2-build-windows-amd64-cygwin\jdk8u101\7261\hotspot\src\share\vm\prims\jni.cpp, line 2599]
Event: 21.003 Thread 0x00000000028b1000 Exception <a 'java/lang/NoSuchFieldError': modelAboutToBeReset> (0x00000000e0c5ab70) thrown at [C:\re\workspace\8-2-build-windows-amd64-cygwin\jdk8u101\7261\hotspot\src\share\vm\prims\jni.cpp, line 2599]
Event: 21.003 Thread 0x00000000028b1000 Exception <a 'java/lang/NoSuchFieldError': modelReset> (0x00000000e0c5adb8) thrown at [C:\re\workspace\8-2-build-windows-amd64-cygwin\jdk8u101\7261\hotspot\src\share\vm\prims\jni.cpp, line 2599]
Event: 21.003 Thread 0x00000000028b1000 Exception <a 'java/lang/NoSuchFieldError': rowsAboutToBeInserted> (0x00000000e0c5b018) thrown at [C:\re\workspace\8-2-build-windows-amd64-cygwin\jdk8u101\7261\hotspot\src\share\vm\prims\jni.cpp, line 2599]
Event: 21.003 Thread 0x00000000028b1000 Exception <a 'java/lang/NoSuchFieldError': rowsAboutToBeRemoved> (0x00000000e0c5b270) thrown at [C:\re\workspace\8-2-build-windows-amd64-cygwin\jdk8u101\7261\hotspot\src\share\vm\prims\jni.cpp, line 2599]
Event: 21.003 Thread 0x00000000028b1000 Exception <a 'java/lang/NoSuchFieldError': rowsInserted> (0x00000000e0c5b4b8) thrown at [C:\re\workspace\8-2-build-windows-amd64-cygwin\jdk8u101\7261\hotspot\src\share\vm\prims\jni.cpp, line 2599]
Event: 21.003 Thread 0x00000000028b1000 Exception <a 'java/lang/NoSuchFieldError': rowsRemoved> (0x00000000e0c5b700) thrown at [C:\re\workspace\8-2-build-windows-amd64-cygwin\jdk8u101\7261\hotspot\src\share\vm\prims\jni.cpp, line 2599]

Events (10 events):
Event: 41.395 Executing VM operation: RevokeBias done
Event: 41.395 Executing VM operation: RevokeBias
Event: 41.395 Executing VM operation: RevokeBias done
Event: 41.395 loading class com/trolltech/qt/core/Qt$GlobalColor
Event: 41.395 loading class com/trolltech/qt/core/Qt$GlobalColor done
Event: 41.396 loading class com/trolltech/qt/gui/QBrush
Event: 41.396 loading class com/trolltech/qt/gui/QBrush done
Event: 41.398 Executing VM operation: ParallelGCSystemGC
Event: 41.425 Executing VM operation: ParallelGCSystemGC done
Event: 41.425 Thread 0x000000001864d800 Thread added: 0x000000001864d800


Dynamic libraries:
0x00007ff763e70000 - 0x00007ff763ea7000 	C:\Program Files\Java\jdk1.8.0_101\bin\java.exe
0x00007ff866a40000 - 0x00007ff866c11000 	C:\WINDOWS\SYSTEM32\ntdll.dll
0x00007ff866170000 - 0x00007ff86621b000 	C:\WINDOWS\System32\KERNEL32.DLL
0x00007ff863c20000 - 0x00007ff863e3d000 	C:\WINDOWS\System32\KERNELBASE.dll
0x00007ff866550000 - 0x00007ff8665f2000 	C:\WINDOWS\System32\ADVAPI32.dll
0x00007ff865f20000 - 0x00007ff865fbe000 	C:\WINDOWS\System32\msvcrt.dll
0x00007ff866220000 - 0x00007ff866279000 	C:\WINDOWS\System32\sechost.dll
0x00007ff865fc0000 - 0x00007ff8660e1000 	C:\WINDOWS\System32\RPCRT4.dll
0x00007ff864010000 - 0x00007ff864175000 	C:\WINDOWS\System32\USER32.dll
0x00007ff8637c0000 - 0x00007ff8637de000 	C:\WINDOWS\System32\win32u.dll
0x00007ff863fd0000 - 0x00007ff864004000 	C:\WINDOWS\System32\GDI32.dll
0x00007ff863e40000 - 0x00007ff863fc2000 	C:\WINDOWS\System32\gdi32full.dll
0x00007ff855a60000 - 0x00007ff855cd9000 	C:\WINDOWS\WinSxS\amd64_microsoft.windows.common-controls_6595b64144ccf1df_6.0.14393.0_none_2d0f50fcbdb171b8\COMCTL32.dll
0x00007ff8657f0000 - 0x00007ff865ab7000 	C:\WINDOWS\System32\combase.dll
0x00007ff8637e0000 - 0x00007ff8638d5000 	C:\WINDOWS\System32\ucrtbase.dll
0x00007ff863990000 - 0x00007ff8639fa000 	C:\WINDOWS\System32\bcryptPrimitives.dll
0x00007ff865ef0000 - 0x00007ff865f1e000 	C:\WINDOWS\System32\IMM32.DLL
0x0000000063c80000 - 0x0000000063d52000 	C:\Program Files\Java\jdk1.8.0_101\jre\bin\msvcr100.dll
0x0000000063d60000 - 0x00000000645fa000 	C:\Program Files\Java\jdk1.8.0_101\jre\bin\server\jvm.dll
0x00007ff866a30000 - 0x00007ff866a38000 	C:\WINDOWS\System32\PSAPI.DLL
0x00007ff860130000 - 0x00007ff860139000 	C:\WINDOWS\SYSTEM32\WSOCK32.dll
0x00007ff860500000 - 0x00007ff860523000 	C:\WINDOWS\SYSTEM32\WINMM.dll
0x00007ff85eee0000 - 0x00007ff85eeea000 	C:\WINDOWS\SYSTEM32\VERSION.dll
0x00007ff866600000 - 0x00007ff86666a000 	C:\WINDOWS\System32\WS2_32.dll
0x00007ff8604d0000 - 0x00007ff8604fb000 	C:\WINDOWS\SYSTEM32\WINMMBASE.dll
0x00007ff863bd0000 - 0x00007ff863c12000 	C:\WINDOWS\System32\cfgmgr32.dll
0x00000000649a0000 - 0x00000000649af000 	C:\Program Files\Java\jdk1.8.0_101\jre\bin\verify.dll
0x0000000064970000 - 0x0000000064999000 	C:\Program Files\Java\jdk1.8.0_101\jre\bin\java.dll
0x0000000064950000 - 0x0000000064966000 	C:\Program Files\Java\jdk1.8.0_101\jre\bin\zip.dll
0x00007ff864180000 - 0x00007ff865688000 	C:\WINDOWS\System32\SHELL32.dll
0x00007ff863030000 - 0x00007ff86370a000 	C:\WINDOWS\System32\windows.storage.dll
0x00007ff862f70000 - 0x00007ff862fbc000 	C:\WINDOWS\System32\powrprof.dll
0x00007ff865690000 - 0x00007ff8656e2000 	C:\WINDOWS\System32\shlwapi.dll
0x00007ff862f40000 - 0x00007ff862f4f000 	C:\WINDOWS\System32\kernel.appcore.dll
0x00007ff863710000 - 0x00007ff8637b9000 	C:\WINDOWS\System32\shcore.dll
0x00007ff862f50000 - 0x00007ff862f64000 	C:\WINDOWS\System32\profapi.dll
0x0000000062af0000 - 0x0000000062dd1000 	C:\Users\DRDRAKUN\AppData\Local\Temp\QtJambi_APOYO_amd64_4.8.6_msvc2012x64-20150117-2107\lib\QtCore4.dll
0x00007ff866780000 - 0x00007ff8668b7000 	C:\WINDOWS\System32\ole32.dll
0x00007ff84cd80000 - 0x00007ff84ce27000 	C:\WINDOWS\SYSTEM32\MSVCP110.dll
0x00007ff848b90000 - 0x00007ff848c64000 	C:\WINDOWS\SYSTEM32\MSVCR110.dll
0x00007ff855070000 - 0x00007ff8550b0000 	C:\Users\DRDRAKUN\AppData\Local\Temp\QtJambi_APOYO_amd64_4.8.6_msvc2012x64-20150117-2107\lib\qtjambi.dll
0x00007ff844ee0000 - 0x00007ff845010000 	C:\Users\DRDRAKUN\AppData\Local\Temp\QtJambi_APOYO_amd64_4.8.6_msvc2012x64-20150117-2107\lib\com_trolltech_qt_core.dll
0x0000000062170000 - 0x0000000062ae6000 	C:\Users\DRDRAKUN\AppData\Local\Temp\QtJambi_APOYO_amd64_4.8.6_msvc2012x64-20150117-2107\lib\QtGui4.dll
0x00007ff8656f0000 - 0x00007ff8657ea000 	C:\WINDOWS\System32\COMDLG32.dll
0x00007ff866490000 - 0x00007ff86654c000 	C:\WINDOWS\System32\OLEAUT32.dll
0x00007ff859a20000 - 0x00007ff859aa5000 	C:\WINDOWS\SYSTEM32\WINSPOOL.DRV
0x00007ff862e80000 - 0x00007ff862eab000 	C:\WINDOWS\SYSTEM32\bcrypt.dll
0x00007ff83bdf0000 - 0x00007ff83c51f000 	C:\Users\DRDRAKUN\AppData\Local\Temp\QtJambi_APOYO_amd64_4.8.6_msvc2012x64-20150117-2107\lib\com_trolltech_qt_gui.dll
0x00007ff8615d0000 - 0x00007ff861665000 	C:\WINDOWS\system32\uxtheme.dll
0x00007ff8668c0000 - 0x00007ff866a1b000 	C:\WINDOWS\System32\MSCTF.dll
0x00007ff860ed0000 - 0x00007ff860ef6000 	C:\WINDOWS\system32\dwmapi.dll
0x00007ff844d10000 - 0x00007ff844ed9000 	C:\WINDOWS\system32\wintab32.dll
0x00007ff85f440000 - 0x00007ff85f453000 	C:\WINDOWS\SYSTEM32\WTSAPI32.dll
0x00007ff84edb0000 - 0x00007ff84ef9a000 	C:\WINDOWS\SYSTEM32\Pen_Tablet.dll
0x00007ff855030000 - 0x00007ff85506d000 	C:\Users\DRDRAKUN\AppData\Local\Temp\QtJambi_APOYO_amd64_4.8.6_msvc2012x64-20150117-2107\plugins\imageformats\qjpeg4.dll
0x00007ff859cc0000 - 0x00007ff859d6c000 	C:\WINDOWS\WinSxS\amd64_microsoft.windows.common-controls_6595b64144ccf1df_5.82.14393.0_none_4151bdeb4bbdd21f\comctl32.dll
0x00007ff8666e0000 - 0x00007ff86677f000 	C:\WINDOWS\System32\clbcatq.dll
0x00007ff85f5b0000 - 0x00007ff85f5bd000 	C:\Users\DRDRAKUN\AppData\Local\Temp\QtJambi_APOYO_amd64_4.8.6_msvc2012x64-20150117-2107\plugins\imageformats\qgif4.dll
0x00007ff85de10000 - 0x00007ff85de1e000 	C:\Users\DRDRAKUN\AppData\Local\Temp\QtJambi_APOYO_amd64_4.8.6_msvc2012x64-20150117-2107\plugins\imageformats\qico4.dll
0x00007ff853e20000 - 0x00007ff853e69000 	C:\Users\DRDRAKUN\AppData\Local\Temp\QtJambi_APOYO_amd64_4.8.6_msvc2012x64-20150117-2107\plugins\imageformats\qmng4.dll
0x00007ff852b60000 - 0x00007ff852bb1000 	C:\Users\DRDRAKUN\AppData\Local\Temp\QtJambi_APOYO_amd64_4.8.6_msvc2012x64-20150117-2107\plugins\imageformats\qtiff4.dll
0x00007ff85e710000 - 0x00007ff85e8a2000 	C:\WINDOWS\SYSTEM32\dbghelp.dll

VM Arguments:
jvm_args: -Dfile.encoding=UTF-8 
java_command: hotel.Main
java_class_path (initial): C:\qtjambi-4.8.6\qtjambi-4.8.6.jar;C:\qtjambi-4.8.6\qtjambi-designer-4.8.6.jar;C:\qtjambi-4.8.6\qtjambi-examples-4.8.6.jar;C:\qtjambi-4.8.6\qtjambi-examples-src-4.8.6.jar;C:\qtjambi-4.8.6\qtjambi-native-win64-msvc2012x64-4.8.6.jar;C:\00 - NETBEANS\02 - DI\DI_T2\Hotel\build\classes
Launcher Type: SUN_STANDARD

Environment Variables:
JAVA_HOME=C:\Program Files\Java\jdk1.8.0_102
PATH=C:\Program Files (x86)\ActiveState Komodo IDE 10\;C:\ProgramData\Oracle\Java\javapath;C:\Program Files (x86)\NVIDIA Corporation\PhysX\Common;C:\WINDOWS\system32;C:\WINDOWS;C:\WINDOWS\System32\Wbem;JAVA_HOME;C:\Users\DRDRAKUN\AppData\Local\Microsoft\WindowsApps;JAVA_HOME;QTJAMBI
USERNAME=APOYO
OS=Windows_NT
PROCESSOR_IDENTIFIER=Intel64 Family 6 Model 42 Stepping 7, GenuineIntel



---------------  S Y S T E M  ---------------

OS: Windows 10.0 , 64 bit Build 14393 (10.0.14393.0)

CPU:total 8 (4 cores per cpu, 2 threads per core) family 6 model 42 stepping 7, cmov, cx8, fxsr, mmx, sse, sse2, sse3, ssse3, sse4.1, sse4.2, popcnt, avx, aes, clmul, ht, tsc, tscinvbit

Memory: 4k page, physical 6201532k(2858156k free), swap 7905468k(4021004k free)

vm_info: Java HotSpot(TM) 64-Bit Server VM (25.101-b13) for windows-amd64 JRE (1.8.0_101-b13), built on Jun 22 2016 01:21:29 by "java_re" with MS VC++ 10.0 (VS2010)

time: Thu Jan 12 14:15:20 2017
elapsed time: 41 seconds (0d 0h 0m 41s)

